app/build/intermediates/manifest_merge_blame_file/debug/manifest-merger-blame-debug-report.txt
1<?xml version="1.0" encoding="utf-8"?>
2<manifest xmlns:android="http://schemas.android.com/apk/res/android"
3    package="com.KLK.photogallery"
4    android:versionCode="1"
5    android:versionName="1.0" >
6
7    <uses-sdk
8        android:minSdkVersion="23"
8-->src\main\AndroidManifest.xml
9        android:targetSdkVersion="28" />
9-->src\main\AndroidManifest.xml
10
11    <uses-permission android:name="android.permission.INTERNET" />
11-->src\main\AndroidManifest.xml:6:5-66
11-->src\main\AndroidManifest.xml:6:22-64
12    <uses-permission android:name="android.permission.CAMERA" />
12-->src\main\AndroidManifest.xml:7:5-64
12-->src\main\AndroidManifest.xml:7:22-62
13    <uses-permission android:name="android.permission.READ_EXTERNAL_STORAGE" />
13-->src\main\AndroidManifest.xml:8:5-79
13-->src\main\AndroidManifest.xml:8:22-77
14    <uses-permission android:name="android.permission.WRITE_EXTERNAL_STORAGE" />
14-->src\main\AndroidManifest.xml:9:5-80
14-->src\main\AndroidManifest.xml:9:22-78
15
16    <uses-feature android:name="android.hardware.camera" />
16-->src\main\AndroidManifest.xml:10:5-60
16-->src\main\AndroidManifest.xml:10:19-57
17    <uses-feature android:name="android.hardware.camera.autofocus" />
17-->src\main\AndroidManifest.xml:11:5-70
17-->src\main\AndroidManifest.xml:11:19-67
18
19    <uses-permission android:name="android.permission.FLASHLIGHT" />
19-->src\main\AndroidManifest.xml:12:5-68
19-->src\main\AndroidManifest.xml:12:22-66
20    <uses-permission android:name="android.permission.WAKE_LOCK" />
20-->src\main\AndroidManifest.xml:13:5-67
20-->src\main\AndroidManifest.xml:13:22-65
21    <uses-permission android:name="android.permission.SYSTEM_ALERT_WINDOW" />
21-->src\main\AndroidManifest.xml:14:5-78
21-->src\main\AndroidManifest.xml:14:22-75
22    <uses-permission android:name="android.permission.RECORD_AUDIO" />
22-->src\main\AndroidManifest.xml:15:5-71
22-->src\main\AndroidManifest.xml:15:22-68
23
24    <application
24-->src\main\AndroidManifest.xml:17:5-38:19
25        android:allowBackup="true"
25-->src\main\AndroidManifest.xml:18:9-35
26        android:appComponentFactory="androidx.core.app.CoreComponentFactory"
26-->[androidx.core:core:1.3.1] AndroidManifest.xml:24:18-86
27        android:debuggable="true"
28        android:extractNativeLibs="false"
29        android:icon="@mipmap/ic_launcher"
29-->src\main\AndroidManifest.xml:19:9-43
30        android:label="@string/app_name"
30-->src\main\AndroidManifest.xml:20:9-41
31        android:roundIcon="@mipmap/ic_launcher_round"
31-->src\main\AndroidManifest.xml:21:9-54
32        android:supportsRtl="true"
32-->src\main\AndroidManifest.xml:22:9-35
33        android:testOnly="true"
34        android:theme="@style/Theme.PhotoGallery" >
34-->src\main\AndroidManifest.xml:23:9-50
35        <activity android:name="com.KLK.photogallery.home.MainActivity" >
35-->src\main\AndroidManifest.xml:24:9-29:20
35-->src\main\AndroidManifest.xml:24:19-52
36            <intent-filter>
36-->src\main\AndroidManifest.xml:25:13-28:29
37                <action android:name="android.intent.action.MAIN" />
37-->src\main\AndroidManifest.xml:26:17-69
37-->src\main\AndroidManifest.xml:26:25-66
38
39                <category android:name="android.intent.category.LAUNCHER" />
39-->src\main\AndroidManifest.xml:27:17-77
39-->src\main\AndroidManifest.xml:27:27-74
40            </intent-filter>
41        </activity>
42        <activity android:name="com.KLK.photogallery.love.LoveActivity" />
42-->src\main\AndroidManifest.xml:30:9-64
42-->src\main\AndroidManifest.xml:30:19-52
43        <activity android:name="com.KLK.photogallery.profile.ProfileActivity" />
43-->src\main\AndroidManifest.xml:31:9-70
43-->src\main\AndroidManifest.xml:31:19-58
44        <activity android:name="com.KLK.photogallery.profile.AccountSettingActivity" />
44-->src\main\AndroidManifest.xml:32:9-77
44-->src\main\AndroidManifest.xml:32:19-65
45        <activity android:name="com.KLK.photogallery.search.SearchActivity" />
45-->src\main\AndroidManifest.xml:33:9-68
45-->src\main\AndroidManifest.xml:33:19-56
46        <activity android:name="com.KLK.photogallery.camera.CameraActivity" />
46-->src\main\AndroidManifest.xml:34:9-68
46-->src\main\AndroidManifest.xml:34:19-56
47        <activity android:name="com.KLK.photogallery.login.LoginActivity" />
47-->src\main\AndroidManifest.xml:35:9-66
47-->src\main\AndroidManifest.xml:35:19-54
48        <activity android:name="com.KLK.photogallery.login.SignUpActivity" />
48-->src\main\AndroidManifest.xml:36:9-67
48-->src\main\AndroidManifest.xml:36:19-55
49
50        <provider
50-->[com.squareup.picasso:picasso:2.71828] AndroidManifest.xml:8:9-11:40
51            android:name="com.squareup.picasso.PicassoProvider"
51-->[com.squareup.picasso:picasso:2.71828] AndroidManifest.xml:9:13-64
52            android:authorities="com.KLK.photogallery.com.squareup.picasso"
52-->[com.squareup.picasso:picasso:2.71828] AndroidManifest.xml:10:13-72
53            android:exported="false" />
53-->[com.squareup.picasso:picasso:2.71828] AndroidManifest.xml:11:13-37
54    </application>
55
56</manifest>